CRITICAL - 2023-06-29 14:37:46 --> Argument 1 passed to CodeIgniter\Database\MigrationRunner::__construct() must be an instance of Config\Migrations, instance of App\Database\Migrations\CreateUsersTable given, called in C:\Users\ASUS\Documents\Administrasi-Surat\ci4\system\Config\Services.php on line 411
in SYSTEMPATH\Database\MigrationRunner.php on line 136.
 1 SYSTEMPATH\Config\Services.php(411): CodeIgniter\Database\MigrationRunner->__construct(Object(App\Database\Migrations\CreateUsersTable), null)
 2 SYSTEMPATH\Config\BaseService.php(252): CodeIgniter\Config\Services::migrations(Object(App\Database\Migrations\CreateUsersTable), null, false)
 3 SYSTEMPATH\Config\BaseService.php(193): CodeIgniter\Config\BaseService::__callStatic('migrations', [...])
 4 SYSTEMPATH\Config\Services.php(406): CodeIgniter\Config\BaseService::getSharedInstance('migrations', null, null)
 5 SYSTEMPATH\Config\BaseService.php(252): CodeIgniter\Config\Services::migrations()
 6 SYSTEMPATH\Commands\Database\Migrate.php(69): CodeIgniter\Config\BaseService::__callStatic('migrations', [])
 7 SYSTEMPATH\CLI\Commands.php(65): CodeIgniter\Commands\Database\Migrate->run([])
 8 SYSTEMPATH\CLI\Console.php(37): CodeIgniter\CLI\Commands->run('migrate', [])
 9 ROOTPATH\spark(97): CodeIgniter\CLI\Console->run()
CRITICAL - 2023-06-29 14:37:55 --> Argument 1 passed to CodeIgniter\Database\MigrationRunner::__construct() must be an instance of Config\Migrations, instance of App\Database\Migrations\CreateUsersTable given, called in C:\Users\ASUS\Documents\Administrasi-Surat\ci4\system\Config\Services.php on line 411
in SYSTEMPATH\Database\MigrationRunner.php on line 136.
 1 SYSTEMPATH\Config\Services.php(411): CodeIgniter\Database\MigrationRunner->__construct(Object(App\Database\Migrations\CreateUsersTable), null)
 2 SYSTEMPATH\Config\BaseService.php(252): CodeIgniter\Config\Services::migrations(Object(App\Database\Migrations\CreateUsersTable), null, false)
 3 SYSTEMPATH\Config\BaseService.php(193): CodeIgniter\Config\BaseService::__callStatic('migrations', [...])
 4 SYSTEMPATH\Config\Services.php(406): CodeIgniter\Config\BaseService::getSharedInstance('migrations', null, null)
 5 SYSTEMPATH\Config\BaseService.php(252): CodeIgniter\Config\Services::migrations()
 6 SYSTEMPATH\Commands\Database\Migrate.php(69): CodeIgniter\Config\BaseService::__callStatic('migrations', [])
 7 SYSTEMPATH\CLI\Commands.php(65): CodeIgniter\Commands\Database\Migrate->run([])
 8 SYSTEMPATH\CLI\Console.php(37): CodeIgniter\CLI\Commands->run('migrate', [])
 9 ROOTPATH\spark(97): CodeIgniter\CLI\Console->run()
CRITICAL - 2023-06-29 14:38:20 --> Undefined property: App\Database\Migrations\CreateUsersTable::$timestampFormat
in SYSTEMPATH\Commands\Generators\MigrationGenerator.php on line 129.
 1 SYSTEMPATH\Commands\Generators\MigrationGenerator.php(129): CodeIgniter\Debug\Exceptions->errorHandler(8, 'Undefined property: App\\Database\\Migrations\\CreateUsersTable::$timestampFormat', 'C:\\Users\\ASUS\\Documents\\Administrasi-Surat\\ci4\\system\\Commands\\Generators\\MigrationGenerator.php', 129, [...])
 2 SYSTEMPATH\CLI\GeneratorTrait.php(334): CodeIgniter\Commands\Generators\MigrationGenerator->basename('C:\\Users\\ASUS\\Documents\\Administrasi-Surat\\ci4\\app\\Database\\Migrations\\CreateUsersTable.php')
 3 SYSTEMPATH\CLI\GeneratorTrait.php(108): CodeIgniter\Commands\Generators\MigrationGenerator->buildPath('App\\Database\\Migrations\\CreateUsersTable')
 4 SYSTEMPATH\CLI\GeneratorTrait.php(94): CodeIgniter\Commands\Generators\MigrationGenerator->generateClass([...])
 5 SYSTEMPATH\Commands\Generators\MigrationGenerator.php(92): CodeIgniter\Commands\Generators\MigrationGenerator->execute([...])
 6 SYSTEMPATH\CLI\Commands.php(65): CodeIgniter\Commands\Generators\MigrationGenerator->run([...])
 7 SYSTEMPATH\CLI\Console.php(37): CodeIgniter\CLI\Commands->run('make:migration', [...])
 8 ROOTPATH\spark(97): CodeIgniter\CLI\Console->run()
INFO - 2023-06-29 14:43:00 --> Session: Class initialized using 'CodeIgniter\Session\Handlers\FileHandler' driver.
INFO - 2023-06-29 14:43:22 --> Session: Class initialized using 'CodeIgniter\Session\Handlers\FileHandler' driver.
INFO - 2023-06-29 14:43:22 --> Session: Class initialized using 'CodeIgniter\Session\Handlers\FileHandler' driver.
INFO - 2023-06-29 14:44:24 --> Session: Class initialized using 'CodeIgniter\Session\Handlers\FileHandler' driver.
INFO - 2023-06-29 14:44:24 --> Session: Class initialized using 'CodeIgniter\Session\Handlers\FileHandler' driver.
INFO - 2023-06-29 14:44:37 --> Session: Class initialized using 'CodeIgniter\Session\Handlers\FileHandler' driver.
INFO - 2023-06-29 14:44:37 --> Session: Class initialized using 'CodeIgniter\Session\Handlers\FileHandler' driver.
INFO - 2023-06-29 14:44:52 --> Session: Class initialized using 'CodeIgniter\Session\Handlers\FileHandler' driver.
INFO - 2023-06-29 14:44:52 --> Session: Class initialized using 'CodeIgniter\Session\Handlers\FileHandler' driver.
INFO - 2023-06-29 14:45:23 --> Session: Class initialized using 'CodeIgniter\Session\Handlers\FileHandler' driver.
INFO - 2023-06-29 14:45:23 --> Session: Class initialized using 'CodeIgniter\Session\Handlers\FileHandler' driver.
INFO - 2023-06-29 14:59:56 --> Session: Class initialized using 'CodeIgniter\Session\Handlers\FileHandler' driver.
INFO - 2023-06-29 15:00:08 --> Session: Class initialized using 'CodeIgniter\Session\Handlers\FileHandler' driver.
INFO - 2023-06-29 15:24:28 --> Session: Class initialized using 'CodeIgniter\Session\Handlers\FileHandler' driver.
INFO - 2023-06-29 15:24:49 --> Session: Class initialized using 'CodeIgniter\Session\Handlers\FileHandler' driver.
CRITICAL - 2023-06-29 15:26:03 --> syntax error, unexpected 'public' (T_PUBLIC), expecting end of file
in APPPATH\Controllers\KirimSuratController.php on line 4.
 1 SYSTEMPATH\Autoloader\Autoloader.php(289): CodeIgniter\Autoloader\Autoloader->includeFile('C:\\Users\\ASUS\\Documents\\Administrasi-Surat\\ci4\\app\\Controllers\\KirimSuratController.php')
 2 SYSTEMPATH\Autoloader\Autoloader.php(267): CodeIgniter\Autoloader\Autoloader->loadInNamespace('App\\Controllers\\KirimSuratController')
 3 [internal function]: CodeIgniter\Autoloader\Autoloader->loadClass('App\\Controllers\\KirimSuratController')
 4 [internal function]: spl_autoload_call('App\\Controllers\\KirimSuratController')
 5 SYSTEMPATH\CodeIgniter.php(892): class_exists('\\App\\Controllers\\KirimSuratController', true)
 6 SYSTEMPATH\CodeIgniter.php(486): CodeIgniter\CodeIgniter->startController()
 7 SYSTEMPATH\CodeIgniter.php(368): CodeIgniter\CodeIgniter->handleRequest(null, Object(Config\Cache), false)
 8 FCPATH\index.php(67): CodeIgniter\CodeIgniter->run()
 9 SYSTEMPATH\Commands\Server\rewrite.php(47): require_once('C:\\Users\\ASUS\\Documents\\Administrasi-Surat\\ci4\\public\\index.php')
INFO - 2023-06-29 15:36:28 --> Session: Class initialized using 'CodeIgniter\Session\Handlers\FileHandler' driver.
INFO - 2023-06-29 15:36:43 --> Session: Class initialized using 'CodeIgniter\Session\Handlers\FileHandler' driver.
INFO - 2023-06-29 15:47:23 --> Session: Class initialized using 'CodeIgniter\Session\Handlers\FileHandler' driver.
INFO - 2023-06-29 15:47:25 --> Session: Class initialized using 'CodeIgniter\Session\Handlers\FileHandler' driver.
INFO - 2023-06-29 15:54:10 --> Session: Class initialized using 'CodeIgniter\Session\Handlers\FileHandler' driver.
INFO - 2023-06-29 15:55:39 --> Session: Class initialized using 'CodeIgniter\Session\Handlers\FileHandler' driver.
INFO - 2023-06-29 16:02:59 --> Session: Class initialized using 'CodeIgniter\Session\Handlers\FileHandler' driver.
INFO - 2023-06-29 16:03:10 --> Session: Class initialized using 'CodeIgniter\Session\Handlers\FileHandler' driver.
INFO - 2023-06-29 16:03:50 --> Session: Class initialized using 'CodeIgniter\Session\Handlers\FileHandler' driver.
INFO - 2023-06-29 16:04:34 --> Session: Class initialized using 'CodeIgniter\Session\Handlers\FileHandler' driver.
INFO - 2023-06-29 16:30:38 --> Session: Class initialized using 'CodeIgniter\Session\Handlers\FileHandler' driver.
CRITICAL - 2023-06-29 16:43:38 --> Invalid file: "admin/home.php"
in SYSTEMPATH\Exceptions\FrameworkException.php on line 33.
 1 SYSTEMPATH\View\View.php(201): CodeIgniter\Exceptions\FrameworkException::forInvalidFile('admin/home.php')
 2 SYSTEMPATH\Common.php(1184): CodeIgniter\View\View->render('admin/home', [], true)
 3 APPPATH\Controllers\Admin\HomeController.php(11): view('admin/home')
 4 SYSTEMPATH\CodeIgniter.php(934): App\Controllers\Admin\HomeController->index()
 5 SYSTEMPATH\CodeIgniter.php(499): CodeIgniter\CodeIgniter->runController(Object(App\Controllers\Admin\HomeController))
 6 SYSTEMPATH\CodeIgniter.php(368): CodeIgniter\CodeIgniter->handleRequest(null, Object(Config\Cache), false)
 7 FCPATH\index.php(67): CodeIgniter\CodeIgniter->run()
 8 SYSTEMPATH\Commands\Server\rewrite.php(47): require_once('C:\\Users\\ASUS\\Documents\\Administrasi-Surat\\ci4\\public\\index.php')
INFO - 2023-06-29 16:43:58 --> Session: Class initialized using 'CodeIgniter\Session\Handlers\FileHandler' driver.
INFO - 2023-06-29 17:01:04 --> Session: Class initialized using 'CodeIgniter\Session\Handlers\FileHandler' driver.
INFO - 2023-06-29 17:01:04 --> Session: Class initialized using 'CodeIgniter\Session\Handlers\FileHandler' driver.
INFO - 2023-06-29 17:37:07 --> Session: Class initialized using 'CodeIgniter\Session\Handlers\FileHandler' driver.
INFO - 2023-06-29 17:58:17 --> Session: Class initialized using 'CodeIgniter\Session\Handlers\FileHandler' driver.
INFO - 2023-06-29 17:58:31 --> Session: Class initialized using 'CodeIgniter\Session\Handlers\FileHandler' driver.
INFO - 2023-06-29 17:58:39 --> Session: Class initialized using 'CodeIgniter\Session\Handlers\FileHandler' driver.
CRITICAL - 2023-06-29 17:58:55 --> syntax error, unexpected '$routes' (T_VARIABLE)
in APPPATH\Config\Routes.php on line 32.
 1 SYSTEMPATH\CodeIgniter.php(802): CodeIgniter\Router\RouteCollection->loadRoutes()
 2 SYSTEMPATH\CodeIgniter.php(449): CodeIgniter\CodeIgniter->tryToRouteIt(null)
 3 SYSTEMPATH\CodeIgniter.php(368): CodeIgniter\CodeIgniter->handleRequest(null, Object(Config\Cache), false)
 4 FCPATH\index.php(67): CodeIgniter\CodeIgniter->run()
 5 SYSTEMPATH\Commands\Server\rewrite.php(47): require_once('C:\\Users\\ASUS\\Documents\\Administrasi-Surat\\ci4\\public\\index.php')
CRITICAL - 2023-06-29 17:59:15 --> syntax error, unexpected '$routes' (T_VARIABLE)
in APPPATH\Config\Routes.php on line 32.
 1 SYSTEMPATH\CodeIgniter.php(802): CodeIgniter\Router\RouteCollection->loadRoutes()
 2 SYSTEMPATH\CodeIgniter.php(449): CodeIgniter\CodeIgniter->tryToRouteIt(null)
 3 SYSTEMPATH\CodeIgniter.php(368): CodeIgniter\CodeIgniter->handleRequest(null, Object(Config\Cache), false)
 4 FCPATH\index.php(67): CodeIgniter\CodeIgniter->run()
 5 SYSTEMPATH\Commands\Server\rewrite.php(47): require_once('C:\\Users\\ASUS\\Documents\\Administrasi-Surat\\ci4\\public\\index.php')
INFO - 2023-06-29 17:59:41 --> Session: Class initialized using 'CodeIgniter\Session\Handlers\FileHandler' driver.
INFO - 2023-06-29 18:01:10 --> Session: Class initialized using 'CodeIgniter\Session\Handlers\FileHandler' driver.
INFO - 2023-06-29 18:01:41 --> Session: Class initialized using 'CodeIgniter\Session\Handlers\FileHandler' driver.
INFO - 2023-06-29 18:01:59 --> Session: Class initialized using 'CodeIgniter\Session\Handlers\FileHandler' driver.
INFO - 2023-06-29 18:01:59 --> Session: Class initialized using 'CodeIgniter\Session\Handlers\FileHandler' driver.
INFO - 2023-06-29 18:02:00 --> Session: Class initialized using 'CodeIgniter\Session\Handlers\FileHandler' driver.
INFO - 2023-06-29 18:06:25 --> Session: Class initialized using 'CodeIgniter\Session\Handlers\FileHandler' driver.
INFO - 2023-06-29 18:08:48 --> Session: Class initialized using 'CodeIgniter\Session\Handlers\FileHandler' driver.
CRITICAL - 2023-06-29 18:08:56 --> "adminAuth" filter must have a matching alias defined.
in SYSTEMPATH\Filters\Filters.php on line 340.
 1 SYSTEMPATH\Filters\Filters.php(340): CodeIgniter\Filters\Exceptions\FilterException::forNoAlias('adminAuth')
 2 SYSTEMPATH\CodeIgniter.php(466): CodeIgniter\Filters\Filters->enableFilter('adminAuth', 'before')
 3 SYSTEMPATH\CodeIgniter.php(368): CodeIgniter\CodeIgniter->handleRequest(null, Object(Config\Cache), false)
 4 FCPATH\index.php(67): CodeIgniter\CodeIgniter->run()
 5 SYSTEMPATH\Commands\Server\rewrite.php(47): require_once('C:\\Users\\ASUS\\Documents\\Administrasi-Surat\\ci4\\public\\index.php')
INFO - 2023-06-29 18:09:14 --> Session: Class initialized using 'CodeIgniter\Session\Handlers\FileHandler' driver.
INFO - 2023-06-29 18:09:25 --> Session: Class initialized using 'CodeIgniter\Session\Handlers\FileHandler' driver.
INFO - 2023-06-29 18:10:54 --> Session: Class initialized using 'CodeIgniter\Session\Handlers\FileHandler' driver.
INFO - 2023-06-29 18:11:02 --> Session: Class initialized using 'CodeIgniter\Session\Handlers\FileHandler' driver.
INFO - 2023-06-29 18:20:51 --> Session: Class initialized using 'CodeIgniter\Session\Handlers\FileHandler' driver.
INFO - 2023-06-29 18:21:20 --> Session: Class initialized using 'CodeIgniter\Session\Handlers\FileHandler' driver.
INFO - 2023-06-29 18:21:22 --> Session: Class initialized using 'CodeIgniter\Session\Handlers\FileHandler' driver.
ERROR - 2023-06-29 18:25:27 --> mysqli_sql_exception: Unknown column 'updated_at' in 'field list' in C:\Users\ASUS\Documents\Administrasi-Surat\ci4\system\Database\MySQLi\Connection.php:295
Stack trace:
#0 C:\Users\ASUS\Documents\Administrasi-Surat\ci4\system\Database\MySQLi\Connection.php(295): mysqli->query('INSERT INTO `su...', 0)
#1 C:\Users\ASUS\Documents\Administrasi-Surat\ci4\system\Database\BaseConnection.php(692): CodeIgniter\Database\MySQLi\Connection->execute('INSERT INTO `su...')
#2 C:\Users\ASUS\Documents\Administrasi-Surat\ci4\system\Database\BaseConnection.php(606): CodeIgniter\Database\BaseConnection->simpleQuery('INSERT INTO `su...')
#3 C:\Users\ASUS\Documents\Administrasi-Surat\ci4\system\Database\BaseBuilder.php(2309): CodeIgniter\Database\BaseConnection->query('INSERT INTO `su...', Array, false)
#4 C:\Users\ASUS\Documents\Administrasi-Surat\ci4\system\Model.php(330): CodeIgniter\Database\BaseBuilder->insert()
#5 C:\Users\ASUS\Documents\Administrasi-Surat\ci4\system\BaseModel.php(782): CodeIgniter\Model->doInsert(Array)
#6 C:\Users\ASUS\Documents\Administrasi-Surat\ci4\system\Model.php(730): CodeIgniter\BaseModel->insert(Array, false)
#7 C:\Users\ASUS\Documents\Administrasi-Surat\ci4\system\BaseModel.php(692): CodeIgniter\Model->insert(Array, false)
#8 C:\Users\ASUS\Documents\Administrasi-Surat\ci4\app\Controllers\Admin\AdminController.php(41): CodeIgniter\BaseModel->save(Array)
#9 C:\Users\ASUS\Documents\Administrasi-Surat\ci4\system\CodeIgniter.php(934): App\Controllers\Admin\AdminController->prosesKirimSurat()
#10 C:\Users\ASUS\Documents\Administrasi-Surat\ci4\system\CodeIgniter.php(499): CodeIgniter\CodeIgniter->runController(Object(App\Controllers\Admin\AdminController))
#11 C:\Users\ASUS\Documents\Administrasi-Surat\ci4\system\CodeIgniter.php(368): CodeIgniter\CodeIgniter->handleRequest(NULL, Object(Config\Cache), false)
#12 C:\Users\ASUS\Documents\Administrasi-Surat\ci4\public\index.php(67): CodeIgniter\CodeIgniter->run()
#13 C:\Users\ASUS\Documents\Administrasi-Surat\ci4\system\Commands\Server\rewrite.php(47): require_once('C:\\Users\\ASUS\\D...')
#14 {main}
CRITICAL - 2023-06-29 18:25:27 --> Unknown column 'updated_at' in 'field list'
in SYSTEMPATH\Database\MySQLi\Connection.php on line 295.
 1 SYSTEMPATH\Database\MySQLi\Connection.php(295): mysqli->query('INSERT INTO `surat` (`nama_perusahaan`, `nama_pengirim`, `judul_surat`, `keterangan`, `created_at`, `updated_at`) VALUES (\'PT. Udin Jaya Sentosa\', \'Udin Kopral\', \'Family gathering\', \'Kami mengajak perusahaan anda untuk bersama-sama mengikuti family gathering dengan kami. berikut lampiran terkait saya berikan dengan pdf.\', \'2023-06-29 18:25:27\', \'2023-06-29 18:25:27\')', 0)
 2 SYSTEMPATH\Database\BaseConnection.php(692): CodeIgniter\Database\MySQLi\Connection->execute('INSERT INTO `surat` (`nama_perusahaan`, `nama_pengirim`, `judul_surat`, `keterangan`, `created_at`, `updated_at`) VALUES (\'PT. Udin Jaya Sentosa\', \'Udin Kopral\', \'Family gathering\', \'Kami mengajak perusahaan anda untuk bersama-sama mengikuti family gathering dengan kami. berikut lampiran terkait saya berikan dengan pdf.\', \'2023-06-29 18:25:27\', \'2023-06-29 18:25:27\')')
 3 SYSTEMPATH\Database\BaseConnection.php(606): CodeIgniter\Database\BaseConnection->simpleQuery('INSERT INTO `surat` (`nama_perusahaan`, `nama_pengirim`, `judul_surat`, `keterangan`, `created_at`, `updated_at`) VALUES (\'PT. Udin Jaya Sentosa\', \'Udin Kopral\', \'Family gathering\', \'Kami mengajak perusahaan anda untuk bersama-sama mengikuti family gathering dengan kami. berikut lampiran terkait saya berikan dengan pdf.\', \'2023-06-29 18:25:27\', \'2023-06-29 18:25:27\')')
 4 SYSTEMPATH\Database\BaseBuilder.php(2309): CodeIgniter\Database\BaseConnection->query('INSERT INTO `surat` (`nama_perusahaan`, `nama_pengirim`, `judul_surat`, `keterangan`, `created_at`, `updated_at`) VALUES (:nama_perusahaan:, :nama_pengirim:, :judul_surat:, :keterangan:, :created_at:, :updated_at:)', [...], false)
 5 SYSTEMPATH\Model.php(330): CodeIgniter\Database\BaseBuilder->insert()
 6 SYSTEMPATH\BaseModel.php(782): CodeIgniter\Model->doInsert([...])
 7 SYSTEMPATH\Model.php(730): CodeIgniter\BaseModel->insert([...], false)
 8 SYSTEMPATH\BaseModel.php(692): CodeIgniter\Model->insert([...], false)
 9 APPPATH\Controllers\Admin\AdminController.php(41): CodeIgniter\BaseModel->save([...])
10 SYSTEMPATH\CodeIgniter.php(934): App\Controllers\Admin\AdminController->prosesKirimSurat()
11 SYSTEMPATH\CodeIgniter.php(499): CodeIgniter\CodeIgniter->runController(Object(App\Controllers\Admin\AdminController))
12 SYSTEMPATH\CodeIgniter.php(368): CodeIgniter\CodeIgniter->handleRequest(null, Object(Config\Cache), false)
13 FCPATH\index.php(67): CodeIgniter\CodeIgniter->run()
14 SYSTEMPATH\Commands\Server\rewrite.php(47): require_once('C:\\Users\\ASUS\\Documents\\Administrasi-Surat\\ci4\\public\\index.php')
ERROR - 2023-06-29 18:29:01 --> mysqli_sql_exception: Table 'administrasi_surat.surat' doesn't exist in C:\Users\ASUS\Documents\Administrasi-Surat\ci4\system\Database\MySQLi\Connection.php:295
Stack trace:
#0 C:\Users\ASUS\Documents\Administrasi-Surat\ci4\system\Database\MySQLi\Connection.php(295): mysqli->query('INSERT INTO `su...', 0)
#1 C:\Users\ASUS\Documents\Administrasi-Surat\ci4\system\Database\BaseConnection.php(692): CodeIgniter\Database\MySQLi\Connection->execute('INSERT INTO `su...')
#2 C:\Users\ASUS\Documents\Administrasi-Surat\ci4\system\Database\BaseConnection.php(606): CodeIgniter\Database\BaseConnection->simpleQuery('INSERT INTO `su...')
#3 C:\Users\ASUS\Documents\Administrasi-Surat\ci4\system\Database\BaseBuilder.php(2309): CodeIgniter\Database\BaseConnection->query('INSERT INTO `su...', Array, false)
#4 C:\Users\ASUS\Documents\Administrasi-Surat\ci4\system\Model.php(330): CodeIgniter\Database\BaseBuilder->insert()
#5 C:\Users\ASUS\Documents\Administrasi-Surat\ci4\system\BaseModel.php(782): CodeIgniter\Model->doInsert(Array)
#6 C:\Users\ASUS\Documents\Administrasi-Surat\ci4\system\Model.php(730): CodeIgniter\BaseModel->insert(Array, false)
#7 C:\Users\ASUS\Documents\Administrasi-Surat\ci4\system\BaseModel.php(692): CodeIgniter\Model->insert(Array, false)
#8 C:\Users\ASUS\Documents\Administrasi-Surat\ci4\app\Controllers\Admin\AdminController.php(41): CodeIgniter\BaseModel->save(Array)
#9 C:\Users\ASUS\Documents\Administrasi-Surat\ci4\system\CodeIgniter.php(934): App\Controllers\Admin\AdminController->prosesKirimSurat()
#10 C:\Users\ASUS\Documents\Administrasi-Surat\ci4\system\CodeIgniter.php(499): CodeIgniter\CodeIgniter->runController(Object(App\Controllers\Admin\AdminController))
#11 C:\Users\ASUS\Documents\Administrasi-Surat\ci4\system\CodeIgniter.php(368): CodeIgniter\CodeIgniter->handleRequest(NULL, Object(Config\Cache), false)
#12 C:\Users\ASUS\Documents\Administrasi-Surat\ci4\public\index.php(67): CodeIgniter\CodeIgniter->run()
#13 C:\Users\ASUS\Documents\Administrasi-Surat\ci4\system\Commands\Server\rewrite.php(47): require_once('C:\\Users\\ASUS\\D...')
#14 {main}
CRITICAL - 2023-06-29 18:29:01 --> Table 'administrasi_surat.surat' doesn't exist
in SYSTEMPATH\Database\MySQLi\Connection.php on line 295.
 1 SYSTEMPATH\Database\MySQLi\Connection.php(295): mysqli->query('INSERT INTO `surat` (`nama_perusahaan`, `nama_pengirim`, `judul_surat`, `keterangan`, `created_at`, `updated_at`) VALUES (\'PT. Udin Jaya Sentosa\', \'Udin Kopral\', \'Family gathering\', \'Kami mengajak perusahaan anda untuk bersama-sama mengikuti family gathering dengan kami. berikut lampiran terkait saya berikan dengan pdf.\', \'2023-06-29 18:29:01\', \'2023-06-29 18:29:01\')', 0)
 2 SYSTEMPATH\Database\BaseConnection.php(692): CodeIgniter\Database\MySQLi\Connection->execute('INSERT INTO `surat` (`nama_perusahaan`, `nama_pengirim`, `judul_surat`, `keterangan`, `created_at`, `updated_at`) VALUES (\'PT. Udin Jaya Sentosa\', \'Udin Kopral\', \'Family gathering\', \'Kami mengajak perusahaan anda untuk bersama-sama mengikuti family gathering dengan kami. berikut lampiran terkait saya berikan dengan pdf.\', \'2023-06-29 18:29:01\', \'2023-06-29 18:29:01\')')
 3 SYSTEMPATH\Database\BaseConnection.php(606): CodeIgniter\Database\BaseConnection->simpleQuery('INSERT INTO `surat` (`nama_perusahaan`, `nama_pengirim`, `judul_surat`, `keterangan`, `created_at`, `updated_at`) VALUES (\'PT. Udin Jaya Sentosa\', \'Udin Kopral\', \'Family gathering\', \'Kami mengajak perusahaan anda untuk bersama-sama mengikuti family gathering dengan kami. berikut lampiran terkait saya berikan dengan pdf.\', \'2023-06-29 18:29:01\', \'2023-06-29 18:29:01\')')
 4 SYSTEMPATH\Database\BaseBuilder.php(2309): CodeIgniter\Database\BaseConnection->query('INSERT INTO `surat` (`nama_perusahaan`, `nama_pengirim`, `judul_surat`, `keterangan`, `created_at`, `updated_at`) VALUES (:nama_perusahaan:, :nama_pengirim:, :judul_surat:, :keterangan:, :created_at:, :updated_at:)', [...], false)
 5 SYSTEMPATH\Model.php(330): CodeIgniter\Database\BaseBuilder->insert()
 6 SYSTEMPATH\BaseModel.php(782): CodeIgniter\Model->doInsert([...])
 7 SYSTEMPATH\Model.php(730): CodeIgniter\BaseModel->insert([...], false)
 8 SYSTEMPATH\BaseModel.php(692): CodeIgniter\Model->insert([...], false)
 9 APPPATH\Controllers\Admin\AdminController.php(41): CodeIgniter\BaseModel->save([...])
10 SYSTEMPATH\CodeIgniter.php(934): App\Controllers\Admin\AdminController->prosesKirimSurat()
11 SYSTEMPATH\CodeIgniter.php(499): CodeIgniter\CodeIgniter->runController(Object(App\Controllers\Admin\AdminController))
12 SYSTEMPATH\CodeIgniter.php(368): CodeIgniter\CodeIgniter->handleRequest(null, Object(Config\Cache), false)
13 FCPATH\index.php(67): CodeIgniter\CodeIgniter->run()
14 SYSTEMPATH\Commands\Server\rewrite.php(47): require_once('C:\\Users\\ASUS\\Documents\\Administrasi-Surat\\ci4\\public\\index.php')
INFO - 2023-06-29 18:39:01 --> Session: Class initialized using 'CodeIgniter\Session\Handlers\FileHandler' driver.
INFO - 2023-06-29 18:41:35 --> Session: Class initialized using 'CodeIgniter\Session\Handlers\FileHandler' driver.
ERROR - 2023-06-29 18:44:16 --> mysqli_sql_exception: Unknown column 'nama_perusahaan' in 'field list' in C:\Users\ASUS\Documents\Administrasi-Surat\ci4\system\Database\MySQLi\Connection.php:295
Stack trace:
#0 C:\Users\ASUS\Documents\Administrasi-Surat\ci4\system\Database\MySQLi\Connection.php(295): mysqli->query('INSERT INTO `su...', 0)
#1 C:\Users\ASUS\Documents\Administrasi-Surat\ci4\system\Database\BaseConnection.php(692): CodeIgniter\Database\MySQLi\Connection->execute('INSERT INTO `su...')
#2 C:\Users\ASUS\Documents\Administrasi-Surat\ci4\system\Database\BaseConnection.php(606): CodeIgniter\Database\BaseConnection->simpleQuery('INSERT INTO `su...')
#3 C:\Users\ASUS\Documents\Administrasi-Surat\ci4\system\Database\BaseBuilder.php(2309): CodeIgniter\Database\BaseConnection->query('INSERT INTO `su...', Array, false)
#4 C:\Users\ASUS\Documents\Administrasi-Surat\ci4\system\Model.php(330): CodeIgniter\Database\BaseBuilder->insert()
#5 C:\Users\ASUS\Documents\Administrasi-Surat\ci4\system\BaseModel.php(782): CodeIgniter\Model->doInsert(Array)
#6 C:\Users\ASUS\Documents\Administrasi-Surat\ci4\system\Model.php(730): CodeIgniter\BaseModel->insert(Array, false)
#7 C:\Users\ASUS\Documents\Administrasi-Surat\ci4\system\BaseModel.php(692): CodeIgniter\Model->insert(Array, false)
#8 C:\Users\ASUS\Documents\Administrasi-Surat\ci4\app\Controllers\SuratController.php(48): CodeIgniter\BaseModel->save(Array)
#9 C:\Users\ASUS\Documents\Administrasi-Surat\ci4\system\CodeIgniter.php(934): App\Controllers\SuratController->prosesKirim()
#10 C:\Users\ASUS\Documents\Administrasi-Surat\ci4\system\CodeIgniter.php(499): CodeIgniter\CodeIgniter->runController(Object(App\Controllers\SuratController))
#11 C:\Users\ASUS\Documents\Administrasi-Surat\ci4\system\CodeIgniter.php(368): CodeIgniter\CodeIgniter->handleRequest(NULL, Object(Config\Cache), false)
#12 C:\Users\ASUS\Documents\Administrasi-Surat\ci4\public\index.php(67): CodeIgniter\CodeIgniter->run()
#13 C:\Users\ASUS\Documents\Administrasi-Surat\ci4\system\Commands\Server\rewrite.php(47): require_once('C:\\Users\\ASUS\\D...')
#14 {main}
CRITICAL - 2023-06-29 18:44:16 --> Unknown column 'nama_perusahaan' in 'field list'
in SYSTEMPATH\Database\MySQLi\Connection.php on line 295.
 1 SYSTEMPATH\Database\MySQLi\Connection.php(295): mysqli->query('INSERT INTO `surat_masuk` (`nama_perusahaan`, `nama_pengirim`, `judul_surat`, `keterangan`, `lampiran`, `created_at`, `updated_at`) VALUES (\'PT. Udin Jaya Sentosa\', \'Udin Kopral\', \'Family gathering\', \'Saya mengajak untuk family gathering bersama kami\', \'1688064256_af28e16a6ef6b5facbce.pdf\', \'2023-06-29 18:44:16\', \'2023-06-29 18:44:16\')', 0)
 2 SYSTEMPATH\Database\BaseConnection.php(692): CodeIgniter\Database\MySQLi\Connection->execute('INSERT INTO `surat_masuk` (`nama_perusahaan`, `nama_pengirim`, `judul_surat`, `keterangan`, `lampiran`, `created_at`, `updated_at`) VALUES (\'PT. Udin Jaya Sentosa\', \'Udin Kopral\', \'Family gathering\', \'Saya mengajak untuk family gathering bersama kami\', \'1688064256_af28e16a6ef6b5facbce.pdf\', \'2023-06-29 18:44:16\', \'2023-06-29 18:44:16\')')
 3 SYSTEMPATH\Database\BaseConnection.php(606): CodeIgniter\Database\BaseConnection->simpleQuery('INSERT INTO `surat_masuk` (`nama_perusahaan`, `nama_pengirim`, `judul_surat`, `keterangan`, `lampiran`, `created_at`, `updated_at`) VALUES (\'PT. Udin Jaya Sentosa\', \'Udin Kopral\', \'Family gathering\', \'Saya mengajak untuk family gathering bersama kami\', \'1688064256_af28e16a6ef6b5facbce.pdf\', \'2023-06-29 18:44:16\', \'2023-06-29 18:44:16\')')
 4 SYSTEMPATH\Database\BaseBuilder.php(2309): CodeIgniter\Database\BaseConnection->query('INSERT INTO `surat_masuk` (`nama_perusahaan`, `nama_pengirim`, `judul_surat`, `keterangan`, `lampiran`, `created_at`, `updated_at`) VALUES (:nama_perusahaan:, :nama_pengirim:, :judul_surat:, :keterangan:, :lampiran:, :created_at:, :updated_at:)', [...], false)
 5 SYSTEMPATH\Model.php(330): CodeIgniter\Database\BaseBuilder->insert()
 6 SYSTEMPATH\BaseModel.php(782): CodeIgniter\Model->doInsert([...])
 7 SYSTEMPATH\Model.php(730): CodeIgniter\BaseModel->insert([...], false)
 8 SYSTEMPATH\BaseModel.php(692): CodeIgniter\Model->insert([...], false)
 9 APPPATH\Controllers\SuratController.php(48): CodeIgniter\BaseModel->save([...])
10 SYSTEMPATH\CodeIgniter.php(934): App\Controllers\SuratController->prosesKirim()
11 SYSTEMPATH\CodeIgniter.php(499): CodeIgniter\CodeIgniter->runController(Object(App\Controllers\SuratController))
12 SYSTEMPATH\CodeIgniter.php(368): CodeIgniter\CodeIgniter->handleRequest(null, Object(Config\Cache), false)
13 FCPATH\index.php(67): CodeIgniter\CodeIgniter->run()
14 SYSTEMPATH\Commands\Server\rewrite.php(47): require_once('C:\\Users\\ASUS\\Documents\\Administrasi-Surat\\ci4\\public\\index.php')
INFO - 2023-06-29 18:51:09 --> Session: Class initialized using 'CodeIgniter\Session\Handlers\FileHandler' driver.
INFO - 2023-06-29 18:51:09 --> Session: Class initialized using 'CodeIgniter\Session\Handlers\FileHandler' driver.
CRITICAL - 2023-06-29 18:51:09 --> Array to string conversion
in APPPATH\Views\login.php on line 17.
 1 APPPATH\Views\login.php(17): CodeIgniter\Debug\Exceptions->errorHandler(8, 'Array to string conversion', 'C:\\Users\\ASUS\\Documents\\Administrasi-Surat\\ci4\\app\\Views\\login.php', 17, [])
 2 SYSTEMPATH\View\View.php(213): include('C:\\Users\\ASUS\\Documents\\Administrasi-Surat\\ci4\\app\\Views\\login.php')
 3 SYSTEMPATH\View\View.php(216): CodeIgniter\View\View->CodeIgniter\View\{closure}()
 4 SYSTEMPATH\Common.php(1184): CodeIgniter\View\View->render('login', [], true)
 5 APPPATH\Controllers\AuthController.php(12): view('login')
 6 SYSTEMPATH\CodeIgniter.php(934): App\Controllers\AuthController->index()
 7 SYSTEMPATH\CodeIgniter.php(499): CodeIgniter\CodeIgniter->runController(Object(App\Controllers\AuthController))
 8 SYSTEMPATH\CodeIgniter.php(368): CodeIgniter\CodeIgniter->handleRequest(null, Object(Config\Cache), false)
 9 FCPATH\index.php(67): CodeIgniter\CodeIgniter->run()
10 SYSTEMPATH\Commands\Server\rewrite.php(47): require_once('C:\\Users\\ASUS\\Documents\\Administrasi-Surat\\ci4\\public\\index.php')
INFO - 2023-06-29 19:13:36 --> Session: Class initialized using 'CodeIgniter\Session\Handlers\FileHandler' driver.
INFO - 2023-06-29 19:14:16 --> Session: Class initialized using 'CodeIgniter\Session\Handlers\FileHandler' driver.
INFO - 2023-06-29 19:14:32 --> Session: Class initialized using 'CodeIgniter\Session\Handlers\FileHandler' driver.
INFO - 2023-06-29 19:14:51 --> Session: Class initialized using 'CodeIgniter\Session\Handlers\FileHandler' driver.
INFO - 2023-06-29 19:15:16 --> Session: Class initialized using 'CodeIgniter\Session\Handlers\FileHandler' driver.
INFO - 2023-06-29 19:17:13 --> Session: Class initialized using 'CodeIgniter\Session\Handlers\FileHandler' driver.
INFO - 2023-06-29 19:17:21 --> Session: Class initialized using 'CodeIgniter\Session\Handlers\FileHandler' driver.
INFO - 2023-06-29 19:17:37 --> Session: Class initialized using 'CodeIgniter\Session\Handlers\FileHandler' driver.
INFO - 2023-06-29 19:20:39 --> Session: Class initialized using 'CodeIgniter\Session\Handlers\FileHandler' driver.
INFO - 2023-06-29 19:22:47 --> Session: Class initialized using 'CodeIgniter\Session\Handlers\FileHandler' driver.
INFO - 2023-06-29 19:39:50 --> Session: Class initialized using 'CodeIgniter\Session\Handlers\FileHandler' driver.
INFO - 2023-06-29 19:41:11 --> Session: Class initialized using 'CodeIgniter\Session\Handlers\FileHandler' driver.
CRITICAL - 2023-06-29 19:41:14 --> Undefined index: role
in APPPATH\Controllers\AuthController.php on line 29.
 1 APPPATH\Controllers\AuthController.php(29): CodeIgniter\Debug\Exceptions->errorHandler(8, 'Undefined index: role', 'C:\\Users\\ASUS\\Documents\\Administrasi-Surat\\ci4\\app\\Controllers\\AuthController.php', 29, [...])
 2 SYSTEMPATH\CodeIgniter.php(934): App\Controllers\AuthController->login()
 3 SYSTEMPATH\CodeIgniter.php(499): CodeIgniter\CodeIgniter->runController(Object(App\Controllers\AuthController))
 4 SYSTEMPATH\CodeIgniter.php(368): CodeIgniter\CodeIgniter->handleRequest(null, Object(Config\Cache), false)
 5 FCPATH\index.php(67): CodeIgniter\CodeIgniter->run()
 6 SYSTEMPATH\Commands\Server\rewrite.php(47): require_once('C:\\Users\\ASUS\\Documents\\Administrasi-Surat\\ci4\\public\\index.php')
INFO - 2023-06-29 19:41:20 --> Session: Class initialized using 'CodeIgniter\Session\Handlers\FileHandler' driver.
INFO - 2023-06-29 19:41:41 --> Session: Class initialized using 'CodeIgniter\Session\Handlers\FileHandler' driver.
INFO - 2023-06-29 19:43:59 --> Session: Class initialized using 'CodeIgniter\Session\Handlers\FileHandler' driver.
INFO - 2023-06-29 19:44:08 --> Session: Class initialized using 'CodeIgniter\Session\Handlers\FileHandler' driver.
INFO - 2023-06-29 19:44:41 --> Session: Class initialized using 'CodeIgniter\Session\Handlers\FileHandler' driver.
INFO - 2023-06-29 19:45:46 --> Session: Class initialized using 'CodeIgniter\Session\Handlers\FileHandler' driver.
INFO - 2023-06-29 19:46:55 --> Session: Class initialized using 'CodeIgniter\Session\Handlers\FileHandler' driver.
INFO - 2023-06-29 19:47:03 --> Session: Class initialized using 'CodeIgniter\Session\Handlers\FileHandler' driver.
INFO - 2023-06-29 19:47:04 --> Session: Class initialized using 'CodeIgniter\Session\Handlers\FileHandler' driver.
INFO - 2023-06-29 19:48:59 --> Session: Class initialized using 'CodeIgniter\Session\Handlers\FileHandler' driver.
CRITICAL - 2023-06-29 19:55:42 --> Invalid file: "home.php"
in SYSTEMPATH\Exceptions\FrameworkException.php on line 33.
 1 SYSTEMPATH\View\View.php(201): CodeIgniter\Exceptions\FrameworkException::forInvalidFile('home.php')
 2 SYSTEMPATH\Common.php(1184): CodeIgniter\View\View->render('home', [], true)
 3 APPPATH\Controllers\Admin\HomeController.php(11): view('home')
 4 SYSTEMPATH\CodeIgniter.php(934): App\Controllers\Admin\HomeController->index()
 5 SYSTEMPATH\CodeIgniter.php(499): CodeIgniter\CodeIgniter->runController(Object(App\Controllers\Admin\HomeController))
 6 SYSTEMPATH\CodeIgniter.php(368): CodeIgniter\CodeIgniter->handleRequest(null, Object(Config\Cache), false)
 7 FCPATH\index.php(67): CodeIgniter\CodeIgniter->run()
 8 SYSTEMPATH\Commands\Server\rewrite.php(47): require_once('C:\\Users\\ASUS\\Documents\\Administrasi-Surat\\ci4\\public\\index.php')
INFO - 2023-06-29 19:55:49 --> Session: Class initialized using 'CodeIgniter\Session\Handlers\FileHandler' driver.
CRITICAL - 2023-06-29 19:55:53 --> Invalid file: "home.php"
in SYSTEMPATH\Exceptions\FrameworkException.php on line 33.
 1 SYSTEMPATH\View\View.php(201): CodeIgniter\Exceptions\FrameworkException::forInvalidFile('home.php')
 2 SYSTEMPATH\Common.php(1184): CodeIgniter\View\View->render('home', [], true)
 3 APPPATH\Controllers\Admin\HomeController.php(11): view('home')
 4 SYSTEMPATH\CodeIgniter.php(934): App\Controllers\Admin\HomeController->index()
 5 SYSTEMPATH\CodeIgniter.php(499): CodeIgniter\CodeIgniter->runController(Object(App\Controllers\Admin\HomeController))
 6 SYSTEMPATH\CodeIgniter.php(368): CodeIgniter\CodeIgniter->handleRequest(null, Object(Config\Cache), false)
 7 FCPATH\index.php(67): CodeIgniter\CodeIgniter->run()
 8 SYSTEMPATH\Commands\Server\rewrite.php(47): require_once('C:\\Users\\ASUS\\Documents\\Administrasi-Surat\\ci4\\public\\index.php')
CRITICAL - 2023-06-29 19:56:17 --> Invalid file: "home.php"
in SYSTEMPATH\Exceptions\FrameworkException.php on line 33.
 1 SYSTEMPATH\View\View.php(201): CodeIgniter\Exceptions\FrameworkException::forInvalidFile('home.php')
 2 SYSTEMPATH\Common.php(1184): CodeIgniter\View\View->render('home', [], true)
 3 APPPATH\Controllers\Admin\HomeController.php(11): view('home')
 4 SYSTEMPATH\CodeIgniter.php(934): App\Controllers\Admin\HomeController->index()
 5 SYSTEMPATH\CodeIgniter.php(499): CodeIgniter\CodeIgniter->runController(Object(App\Controllers\Admin\HomeController))
 6 SYSTEMPATH\CodeIgniter.php(368): CodeIgniter\CodeIgniter->handleRequest(null, Object(Config\Cache), false)
 7 FCPATH\index.php(67): CodeIgniter\CodeIgniter->run()
 8 SYSTEMPATH\Commands\Server\rewrite.php(47): require_once('C:\\Users\\ASUS\\Documents\\Administrasi-Surat\\ci4\\public\\index.php')
CRITICAL - 2023-06-29 19:56:18 --> Invalid file: "home.php"
in SYSTEMPATH\Exceptions\FrameworkException.php on line 33.
 1 SYSTEMPATH\View\View.php(201): CodeIgniter\Exceptions\FrameworkException::forInvalidFile('home.php')
 2 SYSTEMPATH\Common.php(1184): CodeIgniter\View\View->render('home', [], true)
 3 APPPATH\Controllers\Admin\HomeController.php(11): view('home')
 4 SYSTEMPATH\CodeIgniter.php(934): App\Controllers\Admin\HomeController->index()
 5 SYSTEMPATH\CodeIgniter.php(499): CodeIgniter\CodeIgniter->runController(Object(App\Controllers\Admin\HomeController))
 6 SYSTEMPATH\CodeIgniter.php(368): CodeIgniter\CodeIgniter->handleRequest(null, Object(Config\Cache), false)
 7 FCPATH\index.php(67): CodeIgniter\CodeIgniter->run()
 8 SYSTEMPATH\Commands\Server\rewrite.php(47): require_once('C:\\Users\\ASUS\\Documents\\Administrasi-Surat\\ci4\\public\\index.php')
INFO - 2023-06-29 19:57:22 --> Session: Class initialized using 'CodeIgniter\Session\Handlers\FileHandler' driver.
INFO - 2023-06-29 19:57:31 --> Session: Class initialized using 'CodeIgniter\Session\Handlers\FileHandler' driver.
INFO - 2023-06-29 20:13:57 --> Session: Class initialized using 'CodeIgniter\Session\Handlers\FileHandler' driver.
INFO - 2023-06-29 20:14:05 --> Session: Class initialized using 'CodeIgniter\Session\Handlers\FileHandler' driver.
INFO - 2023-06-29 20:14:15 --> Session: Class initialized using 'CodeIgniter\Session\Handlers\FileHandler' driver.
INFO - 2023-06-29 20:15:45 --> Session: Class initialized using 'CodeIgniter\Session\Handlers\FileHandler' driver.
INFO - 2023-06-29 20:15:51 --> Session: Class initialized using 'CodeIgniter\Session\Handlers\FileHandler' driver.
INFO - 2023-06-29 20:16:17 --> Session: Class initialized using 'CodeIgniter\Session\Handlers\FileHandler' driver.
